<?xml version="1.0" encoding="UTF-8" ?>
<testsuite tests="44" failures="0" name="cz.upce.fei.boop.nemennatrida.RozmerTest" time="0.26" errors="0" skipped="0">
  <properties>
[...]
</properties>
  <testcase classname="cz.upce.fei.boop.nemennatrida.RozmerTest" name="testKonstruktor00" time="0.009"/>
  <testcase classname="cz.upce.fei.boop.nemennatrida.RozmerTest" name="testKonstruktor01" time="0"/>
  <testcase classname="cz.upce.fei.boop.nemennatrida.RozmerTest" name="testKonstruktor02" time="0"/>
  <testcase classname="cz.upce.fei.boop.nemennatrida.RozmerTest" name="testKonstruktor03" time="0"/>
  <testcase classname="cz.upce.fei.boop.nemennatrida.RozmerTest" name="testKonstruktor04" time="0"/>
  <testcase classname="cz.upce.fei.boop.nemennatrida.RozmerTest" name="testKonstruktor05" time="0"/>
  <testcase classname="cz.upce.fei.boop.nemennatrida.RozmerTest" name="testKonstruktor06" time="0"/>
  <testcase classname="cz.upce.fei.boop.nemennatrida.RozmerTest" name="testKonstruktor07" time="0"/>
  <testcase classname="cz.upce.fei.boop.nemennatrida.RozmerTest" name="testKonstruktor11" time="0"/>
  <testcase classname="cz.upce.fei.boop.nemennatrida.RozmerTest" name="testKonstruktor12" time="0"/>
  <testcase classname="cz.upce.fei.boop.nemennatrida.RozmerTest" name="testKonstruktor13" time="0"/>
  <testcase classname="cz.upce.fei.boop.nemennatrida.RozmerTest" name="testKonstruktor14" time="0"/>
  <testcase classname="cz.upce.fei.boop.nemennatrida.RozmerTest" name="testKonstruktor21" time="0"/>
  <testcase classname="cz.upce.fei.boop.nemennatrida.RozmerTest" name="testKonstruktor22" time="0"/>
  <testcase classname="cz.upce.fei.boop.nemennatrida.RozmerTest" name="testKonstruktor23" time="0.001"/>
  <testcase classname="cz.upce.fei.boop.nemennatrida.RozmerTest" name="testKonstruktor24" time="0"/>
  <testcase classname="cz.upce.fei.boop.nemennatrida.RozmerTest" name="testKonstruktor25" time="0"/>
  <testcase classname="cz.upce.fei.boop.nemennatrida.RozmerTest" name="testKonstruktor26" time="0.001"/>
  <testcase classname="cz.upce.fei.boop.nemennatrida.RozmerTest" name="testKonstruktor31" time="0"/>
  <testcase classname="cz.upce.fei.boop.nemennatrida.RozmerTest" name="testKonstruktor32" time="0"/>
  <testcase classname="cz.upce.fei.boop.nemennatrida.RozmerTest" name="testKonstruktor33" time="0"/>
  <testcase classname="cz.upce.fei.boop.nemennatrida.RozmerTest" name="testToString" time="0.014"/>
  <testcase classname="cz.upce.fei.boop.nemennatrida.RozmerTest" name="testKonstruktor15a" time="0"/>
  <testcase classname="cz.upce.fei.boop.nemennatrida.RozmerTest" name="testKonstruktor15c" time="0"/>
  <testcase classname="cz.upce.fei.boop.nemennatrida.RozmerTest" name="testKonstruktor16a" time="0"/>
  <testcase classname="cz.upce.fei.boop.nemennatrida.RozmerTest" name="testKonstruktor16b" time="0"/>
  <testcase classname="cz.upce.fei.boop.nemennatrida.RozmerTest" name="testHashCode" time="0.226"/>
  <testcase classname="cz.upce.fei.boop.nemennatrida.RozmerTest" name="testHashCode2" time="0"/>
  <testcase classname="cz.upce.fei.boop.nemennatrida.RozmerTest" name="testHashCode3" time="0"/>
  <testcase classname="cz.upce.fei.boop.nemennatrida.RozmerTest" name="testEquals01" time="0"/>
  <testcase classname="cz.upce.fei.boop.nemennatrida.RozmerTest" name="testEquals02" time="0.007"/>
  <testcase classname="cz.upce.fei.boop.nemennatrida.RozmerTest" name="testEquals03" time="0"/>
  <testcase classname="cz.upce.fei.boop.nemennatrida.RozmerTest" name="testEquals04" time="0"/>
  <testcase classname="cz.upce.fei.boop.nemennatrida.RozmerTest" name="testEquals05" time="0"/>
  <testcase classname="cz.upce.fei.boop.nemennatrida.RozmerTest" name="testEquals06" time="0"/>
  <testcase classname="cz.upce.fei.boop.nemennatrida.RozmerTest" name="testEquals07" time="0"/>
  <testcase classname="cz.upce.fei.boop.nemennatrida.RozmerTest" name="testEquals08" time="0"/>
  <testcase classname="cz.upce.fei.boop.nemennatrida.RozmerTest" name="testEquals09" time="0.001"/>
  <testcase classname="cz.upce.fei.boop.nemennatrida.RozmerTest" name="testToString2" time="0"/>
  <testcase classname="cz.upce.fei.boop.nemennatrida.RozmerTest" name="testKontrolaDimense1" time="0"/>
  <testcase classname="cz.upce.fei.boop.nemennatrida.RozmerTest" name="testKontrolaDimense2" time="0"/>
  <testcase classname="cz.upce.fei.boop.nemennatrida.RozmerTest" name="testKontrolaDimense3" time="0.001"/>
  <testcase classname="cz.upce.fei.boop.nemennatrida.RozmerTest" name="testKontrolaDimense4" time="0"/>
  <testcase classname="cz.upce.fei.boop.nemennatrida.RozmerTest" name="testKontrolaDimense5" time="0"/>
</testsuite>