<?xml version="1.0" encoding="UTF-8" ?>
<testsuite tests="70" failures="0" name="seznam.SeznamObjTest" time="0.032" errors="0" skipped="0">
  <properties>
[...]
</properties>
  <testcase classname="seznam.SeznamObjTest" name="test06_12_OdeberNeprazdnySeznam" time="0"/>
  <testcase classname="seznam.SeznamObjTest" name="test03_07a_DejNeprazdnySeznam" time="0"/>
  <testcase classname="seznam.SeznamObjTest" name="test06_09_OdeberNeprazdnySeznam" time="0"/>
  <testcase classname="seznam.SeznamObjTest" name="test01_01_Konstruktlor" time="0"/>
  <testcase classname="seznam.SeznamObjTest" name="test07_04_IteratorHasNextReturnOneItemTrueSeveralTimes" time="0.016"/>
  <testcase classname="seznam.SeznamObjTest" name="test08_12_PocetKapacita" time="0"/>
  <testcase classname="seznam.SeznamObjTest" name="test04_01_DejDopravniProstredky" time="0"/>
  <testcase classname="seznam.SeznamObjTest" name="test03_06_DejNeprazdnySeznam" time="0"/>
  <testcase classname="seznam.SeznamObjTest" name="test08_15_PocetKapacita" time="0"/>
  <testcase classname="seznam.SeznamObjTest" name="test06_16_OdeberNeprazdnySeznam" time="0"/>
  <testcase classname="seznam.SeznamObjTest" name="test06_06_OdeberNeprazdnySeznam" time="0"/>
  <testcase classname="seznam.SeznamObjTest" name="test08_18_PocetKapacita" time="0"/>
  <testcase classname="seznam.SeznamObjTest" name="test03_05_DejNeprazdnySeznam" time="0"/>
  <testcase classname="seznam.SeznamObjTest" name="test08_02_PocetKapacita" time="0"/>
  <testcase classname="seznam.SeznamObjTest" name="test02_01Vloz" time="0"/>
  <testcase classname="seznam.SeznamObjTest" name="test07_03_IteratorHasNextOneItemReturnTrue" time="0.013"/>
  <testcase classname="seznam.SeznamObjTest" name="test06_01_OdeberPrazdnySeznam" time="0"/>
  <testcase classname="seznam.SeznamObjTest" name="test04_05_DejDopravniProstredky" time="0"/>
  <testcase classname="seznam.SeznamObjTest" name="test08_05_PocetKapacita" time="0"/>
  <testcase classname="seznam.SeznamObjTest" name="test06_13_OdeberNeprazdnySeznam" time="0"/>
  <testcase classname="seznam.SeznamObjTest" name="test03_04_DejNeprazdnySeznam" time="0"/>
  <testcase classname="seznam.SeznamObjTest" name="test06_02_OdeberPrazdnySeznam" time="0"/>
  <testcase classname="seznam.SeznamObjTest" name="test08_08_PocetKapacita" time="0"/>
  <testcase classname="seznam.SeznamObjTest" name="test06_03_OdeberPrazdnySeznam" time="0"/>
  <testcase classname="seznam.SeznamObjTest" name="test04_02_DejDopravniProstredky" time="0"/>
  <testcase classname="seznam.SeznamObjTest" name="test08_10_PocetKapacita" time="0"/>
  <testcase classname="seznam.SeznamObjTest" name="test03_03_DejNeprazdnySeznam" time="0"/>
  <testcase classname="seznam.SeznamObjTest" name="test06_04_OdeberPrazdnySeznam" time="0"/>
  <testcase classname="seznam.SeznamObjTest" name="test06_10_OdeberNeprazdnySeznam" time="0"/>
  <testcase classname="seznam.SeznamObjTest" name="test02_02_Vloz" time="0"/>
  <testcase classname="seznam.SeznamObjTest" name="test08_13_PocetKapacita" time="0"/>
  <testcase classname="seznam.SeznamObjTest" name="test02_03_Vloz" time="0"/>
  <testcase classname="seznam.SeznamObjTest" name="test02_04_Vloz" time="0"/>
  <testcase classname="seznam.SeznamObjTest" name="test07_01_IteratorHasNexEmpty" time="0"/>
  <testcase classname="seznam.SeznamObjTest" name="test06_07_OdeberNeprazdnySeznam" time="0"/>
  <testcase classname="seznam.SeznamObjTest" name="test09_01_Zrus" time="0"/>
  <testcase classname="seznam.SeznamObjTest" name="test07_05_IteratorHasNexNextOneItem" time="0"/>
  <testcase classname="seznam.SeznamObjTest" name="test09_02_Zrus" time="0"/>
  <testcase classname="seznam.SeznamObjTest" name="test08_16_PocetKapacita" time="0"/>
  <testcase classname="seznam.SeznamObjTest" name="test09_03_Zrus" time="0"/>
  <testcase classname="seznam.SeznamObjTest" name="test08_03_PocetKapacita" time="0"/>
  <testcase classname="seznam.SeznamObjTest" name="test06_14_OdeberNeprazdnySeznam" time="0"/>
  <testcase classname="seznam.SeznamObjTest" name="test08_06_PocetKapacita" time="0"/>
  <testcase classname="seznam.SeznamObjTest" name="test03_07e_DejNeprazdnySeznam" time="0"/>
  <testcase classname="seznam.SeznamObjTest" name="test08_09_PocetKapacita" time="0"/>
  <testcase classname="seznam.SeznamObjTest" name="test04_03_DejDopravniProstredky" time="0"/>
  <testcase classname="seznam.SeznamObjTest" name="test03_02_DejPrazdnySeznam" time="0"/>
  <testcase classname="seznam.SeznamObjTest" name="test07_06_IteratorHasNexNextOneItem" time="0"/>
  <testcase classname="seznam.SeznamObjTest" name="test06_11_OdeberNeprazdnySeznam" time="0"/>
  <testcase classname="seznam.SeznamObjTest" name="test03_07d_DejNeprazdnySeznam" time="0"/>
  <testcase classname="seznam.SeznamObjTest" name="test03_10_DejNeprazdnySeznam" time="0"/>
  <testcase classname="seznam.SeznamObjTest" name="test08_11_PocetKapacita" time="0"/>
  <testcase classname="seznam.SeznamObjTest" name="test06_08_OdeberNeprazdnySeznam" time="0"/>
  <testcase classname="seznam.SeznamObjTest" name="test08_14_PocetKapacita" time="0.001"/>
  <testcase classname="seznam.SeznamObjTest" name="test03_07c_DejNeprazdnySeznam" time="0"/>
  <testcase classname="seznam.SeznamObjTest" name="test03_09_DejNeprazdnySeznam" time="0.001"/>
  <testcase classname="seznam.SeznamObjTest" name="test08_17_PocetKapacita" time="0"/>
  <testcase classname="seznam.SeznamObjTest" name="test05_02_DejKopieDopravniProstredku" time="0.001"/>
  <testcase classname="seznam.SeznamObjTest" name="test08_01_PocetKapacita" time="0"/>
  <testcase classname="seznam.SeznamObjTest" name="test06_15_OdeberNeprazdnySeznam" time="0"/>
  <testcase classname="seznam.SeznamObjTest" name="test06_05_OdeberNeprazdnySeznam" time="0"/>
  <testcase classname="seznam.SeznamObjTest" name="test05_01_DejKopieDopravniProstredku" time="0"/>
  <testcase classname="seznam.SeznamObjTest" name="test08_04_PocetKapacita" time="0"/>
  <testcase classname="seznam.SeznamObjTest" name="test03_07b_DejNeprazdnySeznam" time="0"/>
  <testcase classname="seznam.SeznamObjTest" name="test03_08_DejNeprazdnySeznam" time="0"/>
  <testcase classname="seznam.SeznamObjTest" name="test03_01_DejPrazdnySeznam" time="0"/>
  <testcase classname="seznam.SeznamObjTest" name="test01_02_Konstruktlor" time="0"/>
  <testcase classname="seznam.SeznamObjTest" name="test08_07_PocetKapacita" time="0"/>
  <testcase classname="seznam.SeznamObjTest" name="test04_04_DejDopravniProstredky" time="0"/>
  <testcase classname="seznam.SeznamObjTest" name="test07_02_IteratorNextEmpty" time="0"/>
</testsuite>