<?xml version="1.0" encoding="UTF-8" ?>
<testsuite tests="45" failures="0" name="cz.upce.fei.boop.lexikalnianalyzator.statemachine.StateMachineTest" time="0.018" errors="0" skipped="0">
  <properties>
[...]
</properties>
  <testcase classname="cz.upce.fei.boop.lexikalnianalyzator.statemachine.StateMachineTest" name="test002_09_state7" time="0.001"/>
  <testcase classname="cz.upce.fei.boop.lexikalnianalyzator.statemachine.StateMachineTest" name="test003_05_AnalyzerException" time="0"/>
  <testcase classname="cz.upce.fei.boop.lexikalnianalyzator.statemachine.StateMachineTest" name="test002_22_state11" time="0"/>
  <testcase classname="cz.upce.fei.boop.lexikalnianalyzator.statemachine.StateMachineTest" name="test002_30_state1" time="0"/>
  <testcase classname="cz.upce.fei.boop.lexikalnianalyzator.statemachine.StateMachineTest" name="test002_35_state4" time="0"/>
  <testcase classname="cz.upce.fei.boop.lexikalnianalyzator.statemachine.StateMachineTest" name="test002_13_state9" time="0.001"/>
  <testcase classname="cz.upce.fei.boop.lexikalnianalyzator.statemachine.StateMachineTest" name="test002_29_state1" time="0"/>
  <testcase classname="cz.upce.fei.boop.lexikalnianalyzator.statemachine.StateMachineTest" name="test002_02_state6" time="0"/>
  <testcase classname="cz.upce.fei.boop.lexikalnianalyzator.statemachine.StateMachineTest" name="test002_18_state1" time="0.001"/>
  <testcase classname="cz.upce.fei.boop.lexikalnianalyzator.statemachine.StateMachineTest" name="test002_07_state5" time="0.001"/>
  <testcase classname="cz.upce.fei.boop.lexikalnianalyzator.statemachine.StateMachineTest" name="test002_11_AnalyzerException" time="0"/>
  <testcase classname="cz.upce.fei.boop.lexikalnianalyzator.statemachine.StateMachineTest" name="test003_04_AnalyzerException" time="0.001"/>
  <testcase classname="cz.upce.fei.boop.lexikalnianalyzator.statemachine.StateMachineTest" name="test002_14_state12" time="0.001"/>
  <testcase classname="cz.upce.fei.boop.lexikalnianalyzator.statemachine.StateMachineTest" name="test002_33_state1" time="0"/>
  <testcase classname="cz.upce.fei.boop.lexikalnianalyzator.statemachine.StateMachineTest" name="test002_27_state1" time="0"/>
  <testcase classname="cz.upce.fei.boop.lexikalnianalyzator.statemachine.StateMachineTest" name="test002_16_state8" time="0.002"/>
  <testcase classname="cz.upce.fei.boop.lexikalnianalyzator.statemachine.StateMachineTest" name="test002_06_analyzerException" time="0"/>
  <testcase classname="cz.upce.fei.boop.lexikalnianalyzator.statemachine.StateMachineTest" name="test003_03_AnalyzerException" time="0"/>
  <testcase classname="cz.upce.fei.boop.lexikalnianalyzator.statemachine.StateMachineTest" name="test002_21_state11" time="0.001"/>
  <testcase classname="cz.upce.fei.boop.lexikalnianalyzator.statemachine.StateMachineTest" name="test002_31_state1" time="0"/>
  <testcase classname="cz.upce.fei.boop.lexikalnianalyzator.statemachine.StateMachineTest" name="test002_20_state1" time="0"/>
  <testcase classname="cz.upce.fei.boop.lexikalnianalyzator.statemachine.StateMachineTest" name="test002_24_AnalyzerException" time="0"/>
  <testcase classname="cz.upce.fei.boop.lexikalnianalyzator.statemachine.StateMachineTest" name="test002_36_state9" time="0.001"/>
  <testcase classname="cz.upce.fei.boop.lexikalnianalyzator.statemachine.StateMachineTest" name="test002_25_state1" time="0"/>
  <testcase classname="cz.upce.fei.boop.lexikalnianalyzator.statemachine.StateMachineTest" name="test002_03_state1" time="0.001"/>
  <testcase classname="cz.upce.fei.boop.lexikalnianalyzator.statemachine.StateMachineTest" name="test001_02_identifier" time="0.001"/>
  <testcase classname="cz.upce.fei.boop.lexikalnianalyzator.statemachine.StateMachineTest" name="test002_08_state4" time="0"/>
  <testcase classname="cz.upce.fei.boop.lexikalnianalyzator.statemachine.StateMachineTest" name="test003_02_AnalyzerException" time="0.001"/>
  <testcase classname="cz.upce.fei.boop.lexikalnianalyzator.statemachine.StateMachineTest" name="test002_19_AnalyzerException" time="0.001"/>
  <testcase classname="cz.upce.fei.boop.lexikalnianalyzator.statemachine.StateMachineTest" name="test003_07_AnalyzerException" time="0"/>
  <testcase classname="cz.upce.fei.boop.lexikalnianalyzator.statemachine.StateMachineTest" name="test002_34_state4" time="0"/>
  <testcase classname="cz.upce.fei.boop.lexikalnianalyzator.statemachine.StateMachineTest" name="test002_23_state1" time="0"/>
  <testcase classname="cz.upce.fei.boop.lexikalnianalyzator.statemachine.StateMachineTest" name="test002_12_state1" time="0"/>
  <testcase classname="cz.upce.fei.boop.lexikalnianalyzator.statemachine.StateMachineTest" name="test002_28_state1" time="0"/>
  <testcase classname="cz.upce.fei.boop.lexikalnianalyzator.statemachine.StateMachineTest" name="test002_01_state3" time="0"/>
  <testcase classname="cz.upce.fei.boop.lexikalnianalyzator.statemachine.StateMachineTest" name="test002_17_state9" time="0"/>
  <testcase classname="cz.upce.fei.boop.lexikalnianalyzator.statemachine.StateMachineTest" name="test003_01_AnalyzerException" time="0"/>
  <testcase classname="cz.upce.fei.boop.lexikalnianalyzator.statemachine.StateMachineTest" name="test003_06_AnalyzerException" time="0"/>
  <testcase classname="cz.upce.fei.boop.lexikalnianalyzator.statemachine.StateMachineTest" name="test002_05_state15" time="0.001"/>
  <testcase classname="cz.upce.fei.boop.lexikalnianalyzator.statemachine.StateMachineTest" name="test002_32_state1" time="0.001"/>
  <testcase classname="cz.upce.fei.boop.lexikalnianalyzator.statemachine.StateMachineTest" name="test002_37_state1" time="0"/>
  <testcase classname="cz.upce.fei.boop.lexikalnianalyzator.statemachine.StateMachineTest" name="test002_10_state1" time="0.001"/>
  <testcase classname="cz.upce.fei.boop.lexikalnianalyzator.statemachine.StateMachineTest" name="test002_26_state1" time="0"/>
  <testcase classname="cz.upce.fei.boop.lexikalnianalyzator.statemachine.StateMachineTest" name="test002_15_state1" time="0.001"/>
  <testcase classname="cz.upce.fei.boop.lexikalnianalyzator.statemachine.StateMachineTest" name="test002_04_state1" time="0"/>
</testsuite>