<?xml version="1.0" encoding="UTF-8" ?>
<testsuite tests="11" failures="0" name="cz.upce.fei.boop.lexikalnianalyzator.token.TokenKeyTest" time="0.003" errors="0" skipped="0">
  <properties>
[...]
</properties>
  <testcase classname="cz.upce.fei.boop.lexikalnianalyzator.token.TokenKeyTest" name="test01_10_then" time="0"/>
  <testcase classname="cz.upce.fei.boop.lexikalnianalyzator.token.TokenKeyTest" name="test01_02_begin" time="0.001"/>
  <testcase classname="cz.upce.fei.boop.lexikalnianalyzator.token.TokenKeyTest" name="test01_07_noKey" time="0"/>
  <testcase classname="cz.upce.fei.boop.lexikalnianalyzator.token.TokenKeyTest" name="test01_08_return" time="0.001"/>
  <testcase classname="cz.upce.fei.boop.lexikalnianalyzator.token.TokenKeyTest" name="testToString" time="0"/>
  <testcase classname="cz.upce.fei.boop.lexikalnianalyzator.token.TokenKeyTest" name="test01_11_while" time="0"/>
  <testcase classname="cz.upce.fei.boop.lexikalnianalyzator.token.TokenKeyTest" name="test01_04_end" time="0.001"/>
  <testcase classname="cz.upce.fei.boop.lexikalnianalyzator.token.TokenKeyTest" name="test01_05_for" time="0"/>
  <testcase classname="cz.upce.fei.boop.lexikalnianalyzator.token.TokenKeyTest" name="test01_03_else" time="0"/>
  <testcase classname="cz.upce.fei.boop.lexikalnianalyzator.token.TokenKeyTest" name="test01_06_if" time="0"/>
  <testcase classname="cz.upce.fei.boop.lexikalnianalyzator.token.TokenKeyTest" name="test01_01_class" time="0"/>
</testsuite>