GROUP,PACKAGE,CLASS,INSTRUCTION_MISSED,INSTRUCTION_COVERED,BRANCH_MISSED,BRANCH_COVERED,LINE_MISSED,LINE_COVERED,COMPLEXITY_MISSED,COMPLEXITY_COVERED,METHOD_MISSED,METHOD_COVERED
U04LinkSeznamSkoda,cz.upce.fei.boop.kolekce,LinkSeznam.Prvek,0,29,0,0,0,11,0,5,0,5
U04LinkSeznamSkoda,cz.upce.fei.boop.kolekce,LinkSeznam,1,626,26,92,0,167,26,59,0,26
U04LinkSeznamSkoda,cz.upce.fei.boop.kolekce,LinkSeznam.new Iterator() {...},0,33,0,4,0,7,0,5,0,3
U04LinkSeznamSkoda,cz.upce.fei.boop.kolekce,KolekceException,0,3,0,0,0,2,0,1,0,1
U04LinkSeznamSkoda,cz.upce.fei.boop.kolekce,SpojovySeznam,17,0,0,0,4,0,4,0,4,0
