<?xml version="1.0" encoding="UTF-8" ?>
<testsuite tests="46" failures="0" name="cz.upce.fei.skoda.boop.pujcovnacmdskoda.kolekce.LinkSeznamTest" time="0.109" errors="0" skipped="0">
  <properties>
[...]
</properties>
  <testcase classname="cz.upce.fei.skoda.boop.pujcovnacmdskoda.kolekce.LinkSeznamTest" name="test_04_02_NastavPosledni_KolekceException" time="0.01"/>
  <testcase classname="cz.upce.fei.skoda.boop.pujcovnacmdskoda.kolekce.LinkSeznamTest" name="test_01_02_VlozPrvni_NullPointerException" time="0"/>
  <testcase classname="cz.upce.fei.skoda.boop.pujcovnacmdskoda.kolekce.LinkSeznamTest" name="test_10_01_DejAktualniPosledni" time="0.002"/>
  <testcase classname="cz.upce.fei.skoda.boop.pujcovnacmdskoda.kolekce.LinkSeznamTest" name="test_13_01_OdeberZaAktualnim" time="0"/>
  <testcase classname="cz.upce.fei.skoda.boop.pujcovnacmdskoda.kolekce.LinkSeznamTest" name="test_11_01_DejZaAktualnim" time="0"/>
  <testcase classname="cz.upce.fei.skoda.boop.pujcovnacmdskoda.kolekce.LinkSeznamTest" name="test_13_04_OdeberPredAktualnim" time="0"/>
  <testcase classname="cz.upce.fei.skoda.boop.pujcovnacmdskoda.kolekce.LinkSeznamTest" name="test_07_02_OdeberPosledni_KolekceException" time="0.001"/>
  <testcase classname="cz.upce.fei.skoda.boop.pujcovnacmdskoda.kolekce.LinkSeznamTest" name="test_13_05_OdeberPredAktualnim" time="0"/>
  <testcase classname="cz.upce.fei.skoda.boop.pujcovnacmdskoda.kolekce.LinkSeznamTest" name="test_13_02_OdeberZaAktualnim_KolekceException" time="0"/>
  <testcase classname="cz.upce.fei.skoda.boop.pujcovnacmdskoda.kolekce.LinkSeznamTest" name="test_05_02_DejPrvni_KolekceException" time="0"/>
  <testcase classname="cz.upce.fei.skoda.boop.pujcovnacmdskoda.kolekce.LinkSeznamTest" name="test_Size10" time="0.088"/>
  <testcase classname="cz.upce.fei.skoda.boop.pujcovnacmdskoda.kolekce.LinkSeznamTest" name="test_05_04_DejAktualni_KolekceException" time="0"/>
  <testcase classname="cz.upce.fei.skoda.boop.pujcovnacmdskoda.kolekce.LinkSeznamTest" name="test_13_05_OdeberZaAktualnim" time="0"/>
  <testcase classname="cz.upce.fei.skoda.boop.pujcovnacmdskoda.kolekce.LinkSeznamTest" name="test_13_03_OdeberPredAktualnim_KolekceException" time="0.001"/>
  <testcase classname="cz.upce.fei.skoda.boop.pujcovnacmdskoda.kolekce.LinkSeznamTest" name="test_03_01_NastavPrvni" time="0"/>
  <testcase classname="cz.upce.fei.skoda.boop.pujcovnacmdskoda.kolekce.LinkSeznamTest" name="test_12_02_OdeberAktualni_KolekceException" time="0"/>
  <testcase classname="cz.upce.fei.skoda.boop.pujcovnacmdskoda.kolekce.LinkSeznamTest" name="test_08_04_JeDalsi" time="0"/>
  <testcase classname="cz.upce.fei.skoda.boop.pujcovnacmdskoda.kolekce.LinkSeznamTest" name="test_03_02_NastavPrvni_KolekceException" time="0"/>
  <testcase classname="cz.upce.fei.skoda.boop.pujcovnacmdskoda.kolekce.LinkSeznamTest" name="test_15_01_JePrazdny" time="0"/>
  <testcase classname="cz.upce.fei.skoda.boop.pujcovnacmdskoda.kolekce.LinkSeznamTest" name="test_12_01_OdeberAktualniPrvni" time="0"/>
  <testcase classname="cz.upce.fei.skoda.boop.pujcovnacmdskoda.kolekce.LinkSeznamTest" name="test_02_02_VlozPosledni_NullPointerException" time="0"/>
  <testcase classname="cz.upce.fei.skoda.boop.pujcovnacmdskoda.kolekce.LinkSeznamTest" name="test_14_03_Iterator" time="0.002"/>
  <testcase classname="cz.upce.fei.skoda.boop.pujcovnacmdskoda.kolekce.LinkSeznamTest" name="test_09_03_VlozZaAktualni" time="0"/>
  <testcase classname="cz.upce.fei.skoda.boop.pujcovnacmdskoda.kolekce.LinkSeznamTest" name="test_06_01_OdeberPrvniJedenZJednoho" time="0"/>
  <testcase classname="cz.upce.fei.skoda.boop.pujcovnacmdskoda.kolekce.LinkSeznamTest" name="test_05_01_DejPrvni" time="0.001"/>
  <testcase classname="cz.upce.fei.skoda.boop.pujcovnacmdskoda.kolekce.LinkSeznamTest" name="test_09_05_VlozPredAktualni_KolekceException" time="0"/>
  <testcase classname="cz.upce.fei.skoda.boop.pujcovnacmdskoda.kolekce.LinkSeznamTest" name="test_14_02_Iterator" time="0"/>
  <testcase classname="cz.upce.fei.skoda.boop.pujcovnacmdskoda.kolekce.LinkSeznamTest" name="test_14_01_Iterator" time="0"/>
  <testcase classname="cz.upce.fei.skoda.boop.pujcovnacmdskoda.kolekce.LinkSeznamTest" name="test_09_07_VlozPredAktualni" time="0"/>
  <testcase classname="cz.upce.fei.skoda.boop.pujcovnacmdskoda.kolekce.LinkSeznamTest" name="test_08_03_Dalsi" time="0"/>
  <testcase classname="cz.upce.fei.skoda.boop.pujcovnacmdskoda.kolekce.LinkSeznamTest" name="test_17_01_Zrus" time="0.001"/>
  <testcase classname="cz.upce.fei.skoda.boop.pujcovnacmdskoda.kolekce.LinkSeznamTest" name="test_09_02_VlozZaAktualni_KolekceException" time="0"/>
  <testcase classname="cz.upce.fei.skoda.boop.pujcovnacmdskoda.kolekce.LinkSeznamTest" name="test_02_01_VlozNaKonec" time="0.001"/>
  <testcase classname="cz.upce.fei.skoda.boop.pujcovnacmdskoda.kolekce.LinkSeznamTest" name="test_09_01_VlozZaAktualni_NullPointerException" time="0.001"/>
  <testcase classname="cz.upce.fei.skoda.boop.pujcovnacmdskoda.kolekce.LinkSeznamTest" name="test_07_01_OdeberPosledniJedenZJednoho" time="0.001"/>
  <testcase classname="cz.upce.fei.skoda.boop.pujcovnacmdskoda.kolekce.LinkSeznamTest" name="test_09_04_VlozPredAktualni_NullPointerException" time="0"/>
  <testcase classname="cz.upce.fei.skoda.boop.pujcovnacmdskoda.kolekce.LinkSeznamTest" name="test_01_01_VlozPrvni" time="0"/>
  <testcase classname="cz.upce.fei.skoda.boop.pujcovnacmdskoda.kolekce.LinkSeznamTest" name="test_04_01_NastavPosledni" time="0"/>
  <testcase classname="cz.upce.fei.skoda.boop.pujcovnacmdskoda.kolekce.LinkSeznamTest" name="test_08_02_Dalsi_KolekceException" time="0"/>
  <testcase classname="cz.upce.fei.skoda.boop.pujcovnacmdskoda.kolekce.LinkSeznamTest" name="test_08_01_Dalsi_KolekceException" time="0"/>
  <testcase classname="cz.upce.fei.skoda.boop.pujcovnacmdskoda.kolekce.LinkSeznamTest" name="test_05_06_DejPredAktualnim_KolekceException" time="0"/>
  <testcase classname="cz.upce.fei.skoda.boop.pujcovnacmdskoda.kolekce.LinkSeznamTest" name="test_09_06_VlozPredAktualni" time="0"/>
  <testcase classname="cz.upce.fei.skoda.boop.pujcovnacmdskoda.kolekce.LinkSeznamTest" name="test_12_03_OdeberAktualni_KolekceException" time="0"/>
  <testcase classname="cz.upce.fei.skoda.boop.pujcovnacmdskoda.kolekce.LinkSeznamTest" name="test_06_03_OdeberPrvni_KolekceException" time="0"/>
  <testcase classname="cz.upce.fei.skoda.boop.pujcovnacmdskoda.kolekce.LinkSeznamTest" name="test_05_03_DejPosledni_KolekceException" time="0"/>
  <testcase classname="cz.upce.fei.skoda.boop.pujcovnacmdskoda.kolekce.LinkSeznamTest" name="test_05_05_DejZaAktualnim_KolekceException" time="0"/>
</testsuite>